::1 - - [06/Feb/2020:03:34:14 +0000] "POST /product_category/api/v1/add_product HTTP/1.1" 200 263 "-" "PostmanRuntime/7.1.5"
::1 - - [06/Feb/2020:03:34:47 +0000] "POST /product_category/api/v1/add_product HTTP/1.1" 200 264 "-" "PostmanRuntime/7.1.5"
::1 - - [06/Feb/2020:03:35:21 +0000] "POST /product_category/api/v1/add_product HTTP/1.1" 200 64 "-" "PostmanRuntime/7.1.5"
::1 - - [06/Feb/2020:03:35:33 +0000] "POST /product_category/api/v1/add_product HTTP/1.1" 200 264 "-" "PostmanRuntime/7.1.5"
::1 - - [06/Feb/2020:03:36:19 +0000] "POST /product_category/api/v1/add_product HTTP/1.1" 200 265 "-" "PostmanRuntime/7.1.5"
::1 - - [06/Feb/2020:03:36:41 +0000] "POST /product_category/api/v1/add_product HTTP/1.1" 200 266 "-" "PostmanRuntime/7.1.5"
::1 - - [06/Feb/2020:03:36:51 +0000] "POST /product_category/api/v1/add_product HTTP/1.1" 200 266 "-" "PostmanRuntime/7.1.5"
::1 - - [06/Feb/2020:03:38:28 +0000] "GET /product_category/api/v1/list_products HTTP/1.1" 200 1176 "-" "PostmanRuntime/7.1.5"
::1 - - [06/Feb/2020:03:42:12 +0000] "POST /product_category/api/v1/delete_products_by_category HTTP/1.1" 200 114 "-" "PostmanRuntime/7.1.5"
::1 - - [06/Feb/2020:03:43:51 +0000] "POST /product_category/api/v1/delete_products_by_category HTTP/1.1" 200 515 "-" "PostmanRuntime/7.1.5"
::1 - - [06/Feb/2020:03:44:01 +0000] "GET /product_category/api/v1/list_products HTTP/1.1" 200 440 "-" "PostmanRuntime/7.1.5"
::1 - - [06/Feb/2020:03:48:28 +0000] "POST /product_category/api/v1/add_category HTTP/1.1" 404 34 "-" "PostmanRuntime/7.1.5"
::1 - - [06/Feb/2020:03:49:14 +0000] "POST /product_category/api/v1/add_category HTTP/1.1" 200 225 "-" "PostmanRuntime/7.1.5"
::1 - - [06/Feb/2020:03:49:27 +0000] "POST /product_category/api/v1/add_category HTTP/1.1" 200 223 "-" "PostmanRuntime/7.1.5"
::1 - - [06/Feb/2020:03:49:38 +0000] "POST /product_category/api/v1/add_category HTTP/1.1" 200 224 "-" "PostmanRuntime/7.1.5"
::1 - - [06/Feb/2020:03:50:09 +0000] "GET /product_category/api/v1/list_all_categories HTTP/1.1" 200 499 "-" "PostmanRuntime/7.1.5"
::1 - - [12/Feb/2020:06:23:36 +0000] "POST /product_category/api/v1/add_product HTTP/1.1" 200 264 "-" "PostmanRuntime/7.20.1"
::1 - - [12/Feb/2020:06:24:17 +0000] "GET /product_category/api/v1/list_products HTTP/1.1" 200 252 "-" "PostmanRuntime/7.20.1"
::1 - - [12/Feb/2020:06:26:15 +0000] "POST /product_category/api/v1/add_product HTTP/1.1" 200 266 "-" "PostmanRuntime/7.20.1"
::1 - - [12/Feb/2020:06:26:24 +0000] "GET /product_category/api/v1/list_products HTTP/1.1" 200 438 "-" "PostmanRuntime/7.20.1"
